This is XeTeX, Version 3.141592653-2.6-0.999996 (TeX Live 2024) (preloaded format=xelatex 2024.12.21)  18 MAR 2026 22:44
entering extended mode
 restricted \write18 enabled.
 %&-line parsing enabled.
**cv-xinhe-chinese.tex
(./cv-xinhe-chinese.tex
LaTeX2e <2023-11-01> patch level 1
L3 programming layer <2024-02-20>
(./clean_cv.cls
Document Class: clean_cv 2021/07/28 v1.0.0 'CleanCV' Class
(/usr/local/texlive/2024/texmf-dist/tex/latex/base/article.cls
Document Class: article 2023/05/17 v1.4n Standard LaTeX document class
(/usr/local/texlive/2024/texmf-dist/tex/latex/base/size11.clo
File: size11.clo 2023/05/17 v1.4n Standard LaTeX file (size option)
)
\c@part=\count184
\c@section=\count185
\c@subsection=\count186
\c@subsubsection=\count187
\c@paragraph=\count188
\c@subparagraph=\count189
\c@figure=\count190
\c@table=\count191
\abovecaptionskip=\skip48
\belowcaptionskip=\skip49
\bibindent=\dimen140
)
(/usr/local/texlive/2024/texmf-dist/tex/latex/geometry/geometry.sty
Package: geometry 2020/01/02 v5.9 Page Geometry

(/usr/local/texlive/2024/texmf-dist/tex/latex/graphics/keyval.sty
Package: keyval 2022/05/29 v1.15 key=value parser (DPC)
\KV@toks@=\toks17
)
(/usr/local/texlive/2024/texmf-dist/tex/generic/iftex/ifvtex.sty
Package: ifvtex 2019/10/25 v1.7 ifvtex legacy package. Use iftex instead.

(/usr/local/texlive/2024/texmf-dist/tex/generic/iftex/iftex.sty
Package: iftex 2022/02/03 v1.0f TeX engine tests
))
\Gm@cnth=\count192
\Gm@cntv=\count193
\c@Gm@tempcnt=\count194
\Gm@bindingoffset=\dimen141
\Gm@wd@mp=\dimen142
\Gm@odd@mp=\dimen143
\Gm@even@mp=\dimen144
\Gm@layoutwidth=\dimen145
\Gm@layoutheight=\dimen146
\Gm@layouthoffset=\dimen147
\Gm@layoutvoffset=\dimen148
\Gm@dimlist=\toks18
)
(/usr/local/texlive/2024/texmf-dist/tex/latex/microtype/microtype.sty
Package: microtype 2023/03/13 v3.1a Micro-typographical refinements (RS)

(/usr/local/texlive/2024/texmf-dist/tex/latex/etoolbox/etoolbox.sty
Package: etoolbox 2020/10/05 v2.5k e-TeX tools for LaTeX (JAW)
\etb@tempcnta=\count195
)
\MT@toks=\toks19
\MT@tempbox=\box51
\MT@count=\count196
LaTeX Info: Redefining \noprotrusionifhmode on input line 1059.
LaTeX Info: Redefining \leftprotrusion on input line 1060.
\MT@prot@toks=\toks20
LaTeX Info: Redefining \rightprotrusion on input line 1078.
LaTeX Info: Redefining \textls on input line 1368.
\MT@outer@kern=\dimen149
LaTeX Info: Redefining \textmicrotypecontext on input line 1988.
\MT@listname@count=\count197

(/usr/local/texlive/2024/texmf-dist/tex/latex/microtype/microtype-xetex.def
File: microtype-xetex.def 2023/03/13 v3.1a Definitions specific to xetex (RS)
LaTeX Info: Redefining \lsstyle on input line 238.
)
Package microtype Info: Loading configuration file microtype.cfg.

(/usr/local/texlive/2024/texmf-dist/tex/latex/microtype/microtype.cfg
File: microtype.cfg 2023/03/13 v3.1a microtype main configuration file (RS)
))
(/usr/local/texlive/2024/texmf-dist/tex/latex/fancyhdr/fancyhdr.sty
Package: fancyhdr 2022/11/09 v4.1 Extensive control of page headers and footers

\f@nch@headwidth=\skip50
\f@nch@O@elh=\skip51
\f@nch@O@erh=\skip52
\f@nch@O@olh=\skip53
\f@nch@O@orh=\skip54
\f@nch@O@elf=\skip55
\f@nch@O@erf=\skip56
\f@nch@O@olf=\skip57
\f@nch@O@orf=\skip58
)
(/usr/local/texlive/2024/texmf-dist/tex/latex/titlesec/titlesec.sty
Package: titlesec 2023/10/27 v2.16 Sectioning titles
\ttl@box=\box52
\beforetitleunit=\skip59
\aftertitleunit=\skip60
\ttl@plus=\dimen150
\ttl@minus=\dimen151
\ttl@toksa=\toks21
\titlewidth=\dimen152
\titlewidthlast=\dimen153
\titlewidthfirst=\dimen154
)
(/usr/local/texlive/2024/texmf-dist/tex/latex/tools/array.sty
Package: array 2023/10/16 v2.5g Tabular extension package (FMi)
\col@sep=\dimen155
\ar@mcellbox=\box53
\extrarowheight=\dimen156
\NC@list=\toks22
\extratabsurround=\skip61
\backup@length=\skip62
\ar@cellbox=\box54
)
(/usr/local/texlive/2024/texmf-dist/tex/latex/xcolor/xcolor.sty
Package: xcolor 2023/11/15 v3.01 LaTeX color extensions (UK)

(/usr/local/texlive/2024/texmf-dist/tex/latex/graphics-cfg/color.cfg
File: color.cfg 2016/01/02 v1.6 sample color configuration
)
Package xcolor Info: Driver file: xetex.def on input line 274.

(/usr/local/texlive/2024/texmf-dist/tex/latex/graphics-def/xetex.def
File: xetex.def 2022/09/22 v5.0n Graphics/color driver for xetex
)
(/usr/local/texlive/2024/texmf-dist/tex/latex/graphics/mathcolor.ltx)
Package xcolor Info: Model `cmy' substituted by `cmy0' on input line 1350.
Package xcolor Info: Model `RGB' extended on input line 1366.
Package xcolor Info: Model `HTML' substituted by `rgb' on input line 1368.
Package xcolor Info: Model `Hsb' substituted by `hsb' on input line 1369.
Package xcolor Info: Model `tHsb' substituted by `hsb' on input line 1370.
Package xcolor Info: Model `HSB' substituted by `hsb' on input line 1371.
Package xcolor Info: Model `Gray' substituted by `gray' on input line 1372.
Package xcolor Info: Model `wave' substituted by `hsb' on input line 1373.
)
(/usr/local/texlive/2024/texmf-dist/tex/latex/xpatch/xpatch.sty
(/usr/local/texlive/2024/texmf-dist/tex/latex/l3kernel/expl3.sty
Package: expl3 2024-02-20 L3 programming layer (loader) 

(/usr/local/texlive/2024/texmf-dist/tex/latex/l3backend/l3backend-xetex.def
File: l3backend-xetex.def 2024-02-20 L3 backend support: XeTeX
\g__graphics_track_int=\count198
\l__pdf_internal_box=\box55
\g__pdf_backend_object_int=\count199
\g__pdf_backend_annotation_int=\count266
\g__pdf_backend_link_int=\count267
))
Package: xpatch 2020/03/25 v0.3a Extending etoolbox patching commands

(/usr/local/texlive/2024/texmf-dist/tex/latex/l3packages/xparse/xparse.sty
Package: xparse 2024-02-18 L3 Experimental document command parser
))
(/usr/local/texlive/2024/texmf-dist/tex/latex/enumitem/enumitem.sty
Package: enumitem 2019/06/20 v3.9 Customized lists
\labelindent=\skip63
\enit@outerparindent=\dimen157
\enit@toks=\toks23
\enit@inbox=\box56
\enit@count@id=\count268
\enitdp@description=\count269
)
(/usr/local/texlive/2024/texmf-dist/tex/latex/fontawesome5/fontawesome5.sty
Package: fontawesome5 2022/05/02 v5.15.4 Font Awesome 5

(/usr/local/texlive/2024/texmf-dist/tex/latex/l3packages/l3keys2e/l3keys2e.sty
Package: l3keys2e 2024-02-18 LaTeX2e option processing using LaTeX3 keys
)
(/usr/local/texlive/2024/texmf-dist/tex/latex/fontawesome5/fontawesome5-utex-he
lper.sty
Package: fontawesome5-utex-helper 2022/05/02 v5.15.4 uTeX helper for fontawesom
e5
LaTeX Font Info:    Trying to load font information for TU+fontawesomefree on i
nput line 69.

(/usr/local/texlive/2024/texmf-dist/tex/latex/fontawesome5/tufontawesomefree.fd
)
LaTeX Font Info:    Trying to load font information for TU+fontawesomebrands on
 input line 70.

(/usr/local/texlive/2024/texmf-dist/tex/latex/fontawesome5/tufontawesomebrands.
fd))) (/usr/local/texlive/2024/texmf-dist/tex/latex/xcharter/XCharter.sty
Package: XCharter 2023/07/21 v1.25

`XCharter' v1.25, 2023/07/21 Text macros for XCharter, an extension of Charter 
(msharpe) (/usr/local/texlive/2024/texmf-dist/tex/latex/xkeyval/xkeyval.sty
Package: xkeyval 2022/06/16 v2.9 package option processing (HA)

(/usr/local/texlive/2024/texmf-dist/tex/generic/xkeyval/xkeyval.tex
(/usr/local/texlive/2024/texmf-dist/tex/generic/xkeyval/xkvutils.tex
\XKV@toks=\toks24
\XKV@tempa@toks=\toks25
)
\XKV@depth=\count270
File: xkeyval.tex 2014/12/03 v2.7a key=value parser (HA)
))
(/usr/local/texlive/2024/texmf-dist/tex/latex/base/textcomp.sty
Package: textcomp 2020/02/02 v2.0n Standard LaTeX package
)
(/usr/local/texlive/2024/texmf-dist/tex/generic/xstring/xstring.sty
(/usr/local/texlive/2024/texmf-dist/tex/generic/xstring/xstring.tex
\xs_counta=\count271
\xs_countb=\count272
)
Package: xstring 2023/08/22 v1.86 String manipulations (CT)
)
(/usr/local/texlive/2024/texmf-dist/tex/latex/base/ifthen.sty
Package: ifthen 2022/04/13 v1.1d Standard LaTeX ifthen package (DPC)
)
(/usr/local/texlive/2024/texmf-dist/tex/latex/carlisle/scalefnt.sty)
\xch@cnt=\count273

(/usr/local/texlive/2024/texmf-dist/tex/latex/fontspec/fontspec.sty
Package: fontspec 2024/02/13 v2.9a Font selection for XeLaTeX and LuaLaTeX

(/usr/local/texlive/2024/texmf-dist/tex/latex/fontspec/fontspec-xetex.sty
Package: fontspec-xetex 2024/02/13 v2.9a Font selection for XeLaTeX and LuaLaTe
X
\l__fontspec_script_int=\count274
\l__fontspec_language_int=\count275
\l__fontspec_strnum_int=\count276
\l__fontspec_tmp_int=\count277
\l__fontspec_tmpa_int=\count278
\l__fontspec_tmpb_int=\count279
\l__fontspec_tmpc_int=\count280
\l__fontspec_em_int=\count281
\l__fontspec_emdef_int=\count282
\l__fontspec_strong_int=\count283
\l__fontspec_strongdef_int=\count284
\l__fontspec_tmpa_dim=\dimen158
\l__fontspec_tmpb_dim=\dimen159
\l__fontspec_tmpc_dim=\dimen160

(/usr/local/texlive/2024/texmf-dist/tex/latex/base/fontenc.sty
Package: fontenc 2021/04/29 v2.0v Standard LaTeX package
)
(/usr/local/texlive/2024/texmf-dist/tex/latex/fontspec/fontspec.cfg)))
LaTeX Info: Redefining \textsl on input line 506.
LaTeX Info: Redefining \oldstylenums on input line 524.
LaTeX Info: Redefining \liningnums on input line 532.

(/usr/local/texlive/2024/texmf-dist/tex/latex/xcharter/XCharter.fontspec)
Requested font "[XCharter-Roman.otf]/OT" at 10.94997pt
 -> /usr/local/texlive/2024/texmf-dist/fonts/opentype/public/xcharter/XCharter-
Roman.otf
Requested font "[XCharter-Roman.otf]/OT" at 10.95003pt
 -> /usr/local/texlive/2024/texmf-dist/fonts/opentype/public/xcharter/XCharter-
Roman.otf

Package fontspec Info: XCharter-Roman scale = .96.

Requested font "[XCharter-Roman.otf]/OT:script=latn;language=dflt;" at 10.95003
pt
 -> /usr/local/texlive/2024/texmf-dist/fonts/opentype/public/xcharter/XCharter-
Roman.otf

Package fontspec Info: XCharter-Roman scale = .96.


Package fontspec Info: XCharter-Roman scale = .96.

Requested font "[XCharter-Bold.otf]/OT:script=latn;language=dflt;" at 10.95003p
t
 -> /usr/local/texlive/2024/texmf-dist/fonts/opentype/public/xcharter/XCharter-
Bold.otf

Package fontspec Info: XCharter-Bold scale = .96.


Package fontspec Info: XCharter-Bold scale = .96.

Requested font "[XCharter-Italic.otf]/OT:script=latn;language=dflt;" at 10.9500
3pt
 -> /usr/local/texlive/2024/texmf-dist/fonts/opentype/public/xcharter/XCharter-
Italic.otf

Package fontspec Info: XCharter-Italic scale = .96.


Package fontspec Info: XCharter-Italic scale = .96.

Requested font "[XCharter-Slanted.otf]/OT:script=latn;language=dflt;" at 10.950
03pt
 -> /usr/local/texlive/2024/texmf-dist/fonts/opentype/public/xcharter/XCharter-
Slanted.otf

Package fontspec Info: XCharter-Slanted scale = .96.


Package fontspec Info: XCharter-Slanted scale = .96.

Requested font "[XCharter-BoldItalic.otf]/OT:script=latn;language=dflt;" at 10.
95003pt
 -> /usr/local/texlive/2024/texmf-dist/fonts/opentype/public/xcharter/XCharter-
BoldItalic.otf

Package fontspec Info: XCharter-BoldItalic scale = .96.


Package fontspec Info: XCharter-BoldItalic scale = .96.

Requested font "[XCharter-BoldSlanted.otf]/OT:script=latn;language=dflt;" at 10
.95003pt
 -> /usr/local/texlive/2024/texmf-dist/fonts/opentype/public/xcharter/XCharter-
BoldSlanted.otf

Package fontspec Info: XCharter-BoldSlanted scale = .96.


Package fontspec Info: XCharter-BoldSlanted scale = .96.


Package fontspec Info: Font family 'XCharter(0)' created for font 'XCharter'
(fontspec)             with options [Ligatures = TeX,Extension =
(fontspec)             .otf,SmallCapsFeatures={Letters=SmallCaps},Ligatures=TeX
,Extension
(fontspec)             = .otf,UprightFont = XCharter-Roman,BoldFont =
(fontspec)             XCharter-Bold,ItalicFont =
(fontspec)             XCharter-Italic,BoldItalicFont =
(fontspec)             XCharter-BoldItalic,SlantedFont =
(fontspec)             XCharter-Slanted,BoldSlantedFont =
(fontspec)             XCharter-BoldSlanted,SmallCapsFeatures =
(fontspec)             {Letters=SmallCaps},Extension = .otf,Numbers =
(fontspec)             {Monospaced,OldStyle},Scale = .96,UprightFont =
(fontspec)             *-Roman,ItalicFont = *-Italic,SlantedFont =
(fontspec)             *-Slanted,BoldFont = *-Bold,BoldItalicFont =
(fontspec)             *-BoldItalic,BoldSlantedFont=
(fontspec)             *-BoldSlanted,SmallCapsFeatures={Letters=SmallCaps},Char
acterVariant={1:0}].
(fontspec)              
(fontspec)              This font family consists of the following NFSS
(fontspec)             series/shapes:
(fontspec)              
(fontspec)             - 'normal' (m/n) with NFSS spec.:
(fontspec)             <->s*[.96]"[XCharter-Roman.otf]/OT:script=latn;language=
dflt;+tnum;+onum;+cv01=0;mapping=tex-text;"
(fontspec)             - 'small caps'  (m/sc) with NFSS spec.:
(fontspec)             <->s*[.96]"[XCharter-Roman.otf]/OT:script=latn;language=
dflt;+tnum;+onum;+cv01=0;+smcp;mapping=tex-text;"
(fontspec)             - 'bold' (b/n) with NFSS spec.:
(fontspec)             <->s*[.96]"[XCharter-Bold.otf]/OT:script=latn;language=d
flt;+tnum;+onum;+cv01=0;mapping=tex-text;"
(fontspec)             - 'bold small caps'  (b/sc) with NFSS spec.:
(fontspec)             <->s*[.96]"[XCharter-Bold.otf]/OT:script=latn;language=d
flt;+tnum;+onum;+cv01=0;+smcp;mapping=tex-text;"
(fontspec)             - 'italic' (m/it) with NFSS spec.:
(fontspec)             <->s*[.96]"[XCharter-Italic.otf]/OT:script=latn;language
=dflt;+tnum;+onum;+cv01=0;mapping=tex-text;"
(fontspec)             - 'italic small caps'  (m/scit) with NFSS spec.:
(fontspec)             <->s*[.96]"[XCharter-Italic.otf]/OT:script=latn;language
=dflt;+tnum;+onum;+cv01=0;+smcp;mapping=tex-text;"
(fontspec)             - 'slanted' (m/sl) with NFSS spec.:
(fontspec)             <->s*[.96]"[XCharter-Slanted.otf]/OT:script=latn;languag
e=dflt;+tnum;+onum;+cv01=0;mapping=tex-text;"
(fontspec)             - 'slanted small caps'  (m/scsl) with NFSS spec.:
(fontspec)             <->s*[.96]"[XCharter-Slanted.otf]/OT:script=latn;languag
e=dflt;+tnum;+onum;+cv01=0;+smcp;mapping=tex-text;"
(fontspec)             - 'bold italic' (b/it) with NFSS spec.:
(fontspec)             <->s*[.96]"[XCharter-BoldItalic.otf]/OT:script=latn;lang
uage=dflt;+tnum;+onum;+cv01=0;mapping=tex-text;"
(fontspec)             - 'bold italic small caps'  (b/scit) with NFSS spec.:
(fontspec)             <->s*[.96]"[XCharter-BoldItalic.otf]/OT:script=latn;lang
uage=dflt;+tnum;+onum;+cv01=0;+smcp;mapping=tex-text;"
(fontspec)             - 'bold slanted' (b/sl) with NFSS spec.:
(fontspec)             <->s*[.96]"[XCharter-BoldSlanted.otf]/OT:script=latn;lan
guage=dflt;+tnum;+onum;+cv01=0;mapping=tex-text;"
(fontspec)             - 'bold slanted small caps'  (b/scsl) with NFSS spec.:
(fontspec)             <->s*[.96]"[XCharter-BoldSlanted.otf]/OT:script=latn;lan
guage=dflt;+tnum;+onum;+cv01=0;+smcp;mapping=tex-text;"

LaTeX Font Info:    Font shape `TU/XCharter(0)/m/n' will be
(Font)              scaled to size 10.51207pt on input line 669.
Requested font "[XCharter-Roman.otf]/OT:script=latn;language=dflt;+tnum;+onum;+
cv01=0;mapping=tex-text;" at 10.51207pt
 -> /usr/local/texlive/2024/texmf-dist/fonts/opentype/public/xcharter/XCharter-
Roman.otf

Package fontspec Info: XCharter-Roman scale = .96.


Package fontspec Info: XCharter-Roman scale = .96.


Package fontspec Info: Font family 'XCharter-Roman(0)' created for font
(fontspec)             'XCharter-Roman' with options [Ligatures =
(fontspec)             TeX,Extension =
(fontspec)             .otf,SmallCapsFeatures={Letters=SmallCaps},BoldFont={},I
talicFont={},SmallCapsFont={},Scale
(fontspec)             = .96,SmallCapsFeatures={Letters=SmallCaps}].
(fontspec)              
(fontspec)              This font family consists of the following NFSS
(fontspec)             series/shapes:
(fontspec)              
(fontspec)             - 'normal' (m/n) with NFSS spec.:
(fontspec)             <->s*[.96]"[XCharter-Roman.otf]/OT:script=latn;language=
dflt;mapping=tex-text;"
(fontspec)             - 'small caps'  (m/sc) with NFSS spec.: 

)
(/usr/local/texlive/2024/texmf-dist/tex/latex/hyperref/hyperref.sty
Package: hyperref 2024-01-20 v7.01h Hypertext links for LaTeX

(/usr/local/texlive/2024/texmf-dist/tex/latex/kvsetkeys/kvsetkeys.sty
Package: kvsetkeys 2022-10-05 v1.19 Key value parser (HO)
)
(/usr/local/texlive/2024/texmf-dist/tex/generic/kvdefinekeys/kvdefinekeys.sty
Package: kvdefinekeys 2019-12-19 v1.6 Define keys (HO)
)
(/usr/local/texlive/2024/texmf-dist/tex/generic/pdfescape/pdfescape.sty
Package: pdfescape 2019/12/09 v1.15 Implements pdfTeX's escape features (HO)

(/usr/local/texlive/2024/texmf-dist/tex/generic/ltxcmds/ltxcmds.sty
Package: ltxcmds 2023-12-04 v1.26 LaTeX kernel commands for general use (HO)
)
(/usr/local/texlive/2024/texmf-dist/tex/generic/pdftexcmds/pdftexcmds.sty
Package: pdftexcmds 2020-06-27 v0.33 Utility functions of pdfTeX for LuaTeX (HO
)

(/usr/local/texlive/2024/texmf-dist/tex/generic/infwarerr/infwarerr.sty
Package: infwarerr 2019/12/03 v1.5 Providing info/warning/error messages (HO)
)
Package pdftexcmds Info: \pdf@primitive is available.
Package pdftexcmds Info: \pdf@ifprimitive is available.
Package pdftexcmds Info: \pdfdraftmode not found.
))
(/usr/local/texlive/2024/texmf-dist/tex/latex/hycolor/hycolor.sty
Package: hycolor 2020-01-27 v1.10 Color options for hyperref/bookmark (HO)
)
(/usr/local/texlive/2024/texmf-dist/tex/latex/auxhook/auxhook.sty
Package: auxhook 2019-12-17 v1.6 Hooks for auxiliary files (HO)
)
(/usr/local/texlive/2024/texmf-dist/tex/latex/hyperref/nameref.sty
Package: nameref 2023-11-26 v2.56 Cross-referencing by name of section

(/usr/local/texlive/2024/texmf-dist/tex/latex/refcount/refcount.sty
Package: refcount 2019/12/15 v3.6 Data extraction from label references (HO)
)
(/usr/local/texlive/2024/texmf-dist/tex/generic/gettitlestring/gettitlestring.s
ty
Package: gettitlestring 2019/12/15 v1.6 Cleanup title references (HO)
 (/usr/local/texlive/2024/texmf-dist/tex/latex/kvoptions/kvoptions.sty
Package: kvoptions 2022-06-15 v3.15 Key value format for package options (HO)
))
\c@section@level=\count285
)
\@linkdim=\dimen161
\Hy@linkcounter=\count286
\Hy@pagecounter=\count287

(/usr/local/texlive/2024/texmf-dist/tex/latex/hyperref/pd1enc.def
File: pd1enc.def 2024-01-20 v7.01h Hyperref: PDFDocEncoding definition (HO)
)
(/usr/local/texlive/2024/texmf-dist/tex/generic/intcalc/intcalc.sty
Package: intcalc 2019/12/15 v1.3 Expandable calculations with integers (HO)
)
\Hy@SavedSpaceFactor=\count288

(/usr/local/texlive/2024/texmf-dist/tex/latex/hyperref/puenc.def
File: puenc.def 2024-01-20 v7.01h Hyperref: PDF Unicode definition (HO)
)
Package hyperref Info: Hyper figures OFF on input line 4179.
Package hyperref Info: Link nesting OFF on input line 4184.
Package hyperref Info: Hyper index ON on input line 4187.
Package hyperref Info: Plain pages OFF on input line 4194.
Package hyperref Info: Backreferencing OFF on input line 4199.
Package hyperref Info: Implicit mode ON; LaTeX internals redefined.
Package hyperref Info: Bookmarks ON on input line 4446.
\c@Hy@tempcnt=\count289

(/usr/local/texlive/2024/texmf-dist/tex/latex/url/url.sty
\Urlmuskip=\muskip16
Package: url 2013/09/16  ver 3.4  Verb mode for urls, etc.
)
LaTeX Info: Redefining \url on input line 4784.
\XeTeXLinkMargin=\dimen162
Requested font "pzdr" at 0.00002pt
 -> /usr/local/texlive/2024/texmf-dist/fonts/tfm/adobe/zapfding/pzdr.tfm

(/usr/local/texlive/2024/texmf-dist/tex/generic/bitset/bitset.sty
Package: bitset 2019/12/09 v1.3 Handle bit-vector datatype (HO)

(/usr/local/texlive/2024/texmf-dist/tex/generic/bigintcalc/bigintcalc.sty
Package: bigintcalc 2019/12/15 v1.5 Expandable calculations on big integers (HO
)
))
\Fld@menulength=\count290
\Field@Width=\dimen163
\Fld@charsize=\dimen164
Package hyperref Info: Hyper figures OFF on input line 6063.
Package hyperref Info: Link nesting OFF on input line 6068.
Package hyperref Info: Hyper index ON on input line 6071.
Package hyperref Info: backreferencing OFF on input line 6078.
Package hyperref Info: Link coloring OFF on input line 6083.
Package hyperref Info: Link coloring with OCG OFF on input line 6088.
Package hyperref Info: PDF/A mode OFF on input line 6093.

(/usr/local/texlive/2024/texmf-dist/tex/latex/base/atbegshi-ltx.sty
Package: atbegshi-ltx 2021/01/10 v1.0c Emulation of the original atbegshi
package with kernel methods
)
\Hy@abspage=\count291
\c@Item=\count292
\c@Hfootnote=\count293
)
Package hyperref Info: Driver (autodetected): hxetex.

(/usr/local/texlive/2024/texmf-dist/tex/latex/hyperref/hxetex.def
File: hxetex.def 2024-01-20 v7.01h Hyperref driver for XeTeX

(/usr/local/texlive/2024/texmf-dist/tex/generic/stringenc/stringenc.sty
Package: stringenc 2019/11/29 v1.12 Convert strings between diff. encodings (HO
)
)
\pdfm@box=\box57
\c@Hy@AnnotLevel=\count294
\HyField@AnnotCount=\count295
\Fld@listcount=\count296
\c@bookmark@seq@number=\count297

(/usr/local/texlive/2024/texmf-dist/tex/latex/rerunfilecheck/rerunfilecheck.sty
Package: rerunfilecheck 2022-07-10 v1.10 Rerun checks for auxiliary files (HO)
(/usr/local/texlive/2024/texmf-dist/tex/latex/base/atveryend-ltx.sty
Package: atveryend-ltx 2020/08/19 v1.0a Emulation of the original atveryend pac
kage
with kernel methods
)
(/usr/local/texlive/2024/texmf-dist/tex/generic/uniquecounter/uniquecounter.sty
Package: uniquecounter 2019/12/15 v1.4 Provide unlimited unique counter (HO)
)
Package uniquecounter Info: New unique counter `rerunfilecheck' on input line 2
85.
)
\Hy@SectionHShift=\skip64
)) (/usr/local/texlive/2024/texmf-dist/tex/latex/etaremune/etaremune.sty
Package: etaremune 2005/06/01 v1.2 Reversed enumerate (HA)
\c@EM@itemctr=\count298
\c@EM@etaremunectr=\count299
)
(/usr/local/texlive/2024/texmf-dist/tex/latex/ctex/ctex.sty
Package: ctex 2022/07/14 v2.5.10 Chinese adapter in LaTeX (CTEX)

(/usr/local/texlive/2024/texmf-dist/tex/latex/ctex/ctexhook.sty
Package: ctexhook 2022/07/14 v2.5.10 Document and package hooks (CTEX)
Requested font "cmr10" at 0.00035pt
 -> /usr/local/texlive/2024/texmf-dist/fonts/tfm/public/cm/cmr10.tfm
)
(/usr/local/texlive/2024/texmf-dist/tex/latex/ctex/ctexpatch.sty
Package: ctexpatch 2022/07/14 v2.5.10 Patching commands (CTEX)
)
(/usr/local/texlive/2024/texmf-dist/tex/latex/base/fix-cm.sty
Package: fix-cm 2020/11/24 v1.1t fixes to LaTeX

(/usr/local/texlive/2024/texmf-dist/tex/latex/base/ts1enc.def
File: ts1enc.def 2001/06/05 v3.0e (jk/car/fm) Standard LaTeX file
LaTeX Font Info:    Redeclaring font encoding TS1 on input line 47.
))
\l__ctex_tmp_int=\count300
\l__ctex_tmp_box=\box58
\l__ctex_tmp_dim=\dimen165
\g__ctex_section_depth_int=\count301
\g__ctex_font_size_int=\count302
Requested font "cmr10" at 0.00037pt
 -> /usr/local/texlive/2024/texmf-dist/fonts/tfm/public/cm/cmr10.tfm

(/usr/local/texlive/2024/texmf-dist/tex/latex/ctex/config/ctexopts.cfg
File: ctexopts.cfg 2022/07/14 v2.5.10 Option configuration file (CTEX)
)
(/usr/local/texlive/2024/texmf-dist/tex/latex/ctex/engine/ctex-engine-xetex.def
File: ctex-engine-xetex.def 2022/07/14 v2.5.10 XeLaTeX adapter (CTEX)
(/usr/local/texlive/2024/texmf-dist/tex/xelatex/xecjk/xeCJK.sty
Package: xeCJK 2022/08/05 v3.9.1 Typesetting CJK scripts with XeLaTeX

(/usr/local/texlive/2024/texmf-dist/tex/latex/l3packages/xtemplate/xtemplate.st
y
(/usr/local/texlive/2024/texmf-dist/tex/latex/l3packages/xtemplate/xtemplate-20
23-10-10.sty
Package: xtemplate 2023-10-10 L3 Experimental prototype document functions
\l__xtemplate_tmp_dim=\dimen166
\l__xtemplate_tmp_int=\count303
\l__xtemplate_tmp_muskip=\muskip17
\l__xtemplate_tmp_skip=\skip65
))
\l__xeCJK_tmp_int=\count304
\l__xeCJK_tmp_box=\box59
\l__xeCJK_tmp_dim=\dimen167
\l__xeCJK_tmp_skip=\skip66
\g__xeCJK_space_factor_int=\count305
\l__xeCJK_begin_int=\count306
\l__xeCJK_end_int=\count307
\c__xeCJK_CJK_class_int=\XeTeXcharclass1
\c__xeCJK_FullLeft_class_int=\XeTeXcharclass2
\c__xeCJK_FullRight_class_int=\XeTeXcharclass3
\c__xeCJK_HalfLeft_class_int=\XeTeXcharclass4
\c__xeCJK_HalfRight_class_int=\XeTeXcharclass5
\c__xeCJK_NormalSpace_class_int=\XeTeXcharclass6
\c__xeCJK_CM_class_int=\XeTeXcharclass7
\c__xeCJK_HangulJamo_class_int=\XeTeXcharclass8
\l__xeCJK_last_skip=\skip67
\c__xeCJK_none_node=\count308
\g__xeCJK_node_int=\count309
\c__xeCJK_CJK_node_dim=\dimen168
\c__xeCJK_CJK-space_node_dim=\dimen169
\c__xeCJK_default_node_dim=\dimen170
\c__xeCJK_CJK-widow_node_dim=\dimen171
\c__xeCJK_normalspace_node_dim=\dimen172
\c__xeCJK_default-space_node_skip=\skip68
\l__xeCJK_ccglue_skip=\skip69
\l__xeCJK_ecglue_skip=\skip70
\l__xeCJK_punct_kern_skip=\skip71
\l__xeCJK_indent_box=\box60
\l__xeCJK_last_penalty_int=\count310
\l__xeCJK_last_bound_dim=\dimen173
\l__xeCJK_last_kern_dim=\dimen174
\l__xeCJK_widow_penalty_int=\count311

Package xtemplate Info: Declaring object type 'xeCJK/punctuation' taking 0
(xtemplate)             argument(s) on line 2396.

\l__xeCJK_fixed_punct_width_dim=\dimen175
\l__xeCJK_mixed_punct_width_dim=\dimen176
\l__xeCJK_middle_punct_width_dim=\dimen177
\l__xeCJK_fixed_margin_width_dim=\dimen178
\l__xeCJK_mixed_margin_width_dim=\dimen179
\l__xeCJK_middle_margin_width_dim=\dimen180
\l__xeCJK_bound_punct_width_dim=\dimen181
\l__xeCJK_bound_margin_width_dim=\dimen182
\l__xeCJK_margin_minimum_dim=\dimen183
\l__xeCJK_kerning_total_width_dim=\dimen184
\l__xeCJK_same_align_margin_dim=\dimen185
\l__xeCJK_different_align_margin_dim=\dimen186
\l__xeCJK_kerning_margin_width_dim=\dimen187
\l__xeCJK_kerning_margin_minimum_dim=\dimen188
\l__xeCJK_bound_dim=\dimen189
\l__xeCJK_reverse_bound_dim=\dimen190
\l__xeCJK_margin_dim=\dimen191
\l__xeCJK_minimum_bound_dim=\dimen192
\l__xeCJK_kerning_margin_dim=\dimen193
\g__xeCJK_family_int=\count312
\l__xeCJK_fam_int=\count313
\g__xeCJK_fam_allocation_int=\count314
\l__xeCJK_verb_case_int=\count315
\l__xeCJK_verb_exspace_skip=\skip72
 (/usr/local/texlive/2024/texmf-dist/tex/xelatex/xecjk/xeCJK.cfg
File: xeCJK.cfg 2022/08/05 v3.9.1 Configuration file for xeCJK package
))
\ccwd=\dimen194
\l__ctex_ccglue_skip=\skip73
)
\l__ctex_ziju_dim=\dimen195
 (/usr/local/texlive/2024/texmf-dist/tex/latex/zhnumber/zhnumber.sty
Package: zhnumber 2022/07/14 v3.0 Typesetting numbers with Chinese glyphs
\l__zhnum_scale_int=\count316
\l__zhnum_tmp_int=\count317

(/usr/local/texlive/2024/texmf-dist/tex/latex/zhnumber/zhnumber-utf8.cfg
File: zhnumber-utf8.cfg 2022/07/14 v3.0 Chinese numerals with UTF8 encoding
))
(/usr/local/texlive/2024/texmf-dist/tex/latex/ctex/scheme/ctex-scheme-chinese.d
ef
File: ctex-scheme-chinese.def 2022/07/14 v2.5.10 Chinese scheme for generic (CT
EX)
Requested font "cmr10" at 0.00038pt
 -> /usr/local/texlive/2024/texmf-dist/fonts/tfm/public/cm/cmr10.tfm
 (/usr/local/texlive/2024/texmf-dist/tex/latex/ctex/config/ctex-name-utf8.cfg
File: ctex-name-utf8.cfg 2022/07/14 v2.5.10 Caption with encoding UTF-8 (CTEX)
)) (/usr/local/texlive/2024/texmf-dist/tex/latex/tools/indentfirst.sty
Package: indentfirst 2023/07/02 v1.03 Indent first paragraph (DPC)
)
(/usr/local/texlive/2024/texmf-dist/tex/latex/ctex/ctex-c5size.clo
File: ctex-c5size.clo 2022/07/14 v2.5.10 c5size option (CTEX)
)
LaTeX Font Info:    Font shape `TU/XCharter(0)/m/n' will be
(Font)              scaled to size 7.22704pt on input line 714.
Requested font "[XCharter-Roman.otf]/OT:script=latn;language=dflt;+tnum;+onum;+
cv01=0;mapping=tex-text;" at 7.22704pt
 -> /usr/local/texlive/2024/texmf-dist/fonts/opentype/public/xcharter/XCharter-
Roman.otf
LaTeX Font Info:    Font shape `TU/XCharter(0)/m/n' will be
(Font)              scaled to size 10.11786pt on input line 715.
Requested font "[XCharter-Roman.otf]/OT:script=latn;language=dflt;+tnum;+onum;+
cv01=0;mapping=tex-text;" at 10.11786pt
 -> /usr/local/texlive/2024/texmf-dist/fonts/opentype/public/xcharter/XCharter-
Roman.otf

(/usr/local/texlive/2024/texmf-dist/tex/latex/ctex/fontset/ctex-fontset-fandol.
def
File: ctex-fontset-fandol.def 2022/07/14 v2.5.10 Fandol fonts definition (CTEX)

Requested font "[FandolSong-Regular.otf]/OT" at 10.53934pt
 -> /usr/local/texlive/2024/texmf-dist/fonts/opentype/public/fandol/FandolSong-
Regular.otf
Requested font "[FandolSong-Regular.otf]/OT" at 10.5394pt
 -> /usr/local/texlive/2024/texmf-dist/fonts/opentype/public/fandol/FandolSong-
Regular.otf


Package fontspec Warning: Font "FandolSong-Regular" does not contain requested
(fontspec)                Script "CJK".

Requested font "[FandolSong-Regular.otf]/OT:language=dflt;" at 10.5394pt
 -> /usr/local/texlive/2024/texmf-dist/fonts/opentype/public/fandol/FandolSong-
Regular.otf
Requested font "[FandolSong-Bold.otf]/OT:language=dflt;" at 10.5394pt
 -> /usr/local/texlive/2024/texmf-dist/fonts/opentype/public/fandol/FandolSong-
Bold.otf
Requested font "[FandolKai-Regular.otf]/OT:language=dflt;" at 10.5394pt
 -> /usr/local/texlive/2024/texmf-dist/fonts/opentype/public/fandol/FandolKai-R
egular.otf

Package fontspec Info: Font family 'FandolSong-Regular(0)' created for font
(fontspec)             'FandolSong-Regular' with options [Ligatures =
(fontspec)             TeX,Extension =
(fontspec)             .otf,SmallCapsFeatures={Letters=SmallCaps},Script={CJK},
Extension={.otf},BoldFont={FandolSong-Bold},ItalicFont={FandolKai-Regular}].
(fontspec)              
(fontspec)              This font family consists of the following NFSS
(fontspec)             series/shapes:
(fontspec)              
(fontspec)             - 'normal' (m/n) with NFSS spec.:
(fontspec)             <->"[FandolSong-Regular.otf]/OT:language=dflt;mapping=te
x-text;"
(fontspec)             - 'small caps'  (m/sc) with NFSS spec.: 
(fontspec)             - 'bold' (b/n) with NFSS spec.:
(fontspec)             <->"[FandolSong-Bold.otf]/OT:language=dflt;mapping=tex-t
ext;"
(fontspec)             - 'bold small caps'  (b/sc) with NFSS spec.: 
(fontspec)             - 'italic' (m/it) with NFSS spec.:
(fontspec)             <->"[FandolKai-Regular.otf]/OT:language=dflt;mapping=tex
-text;"
(fontspec)             - 'italic small caps'  (m/scit) with NFSS spec.: 

)) (/usr/local/texlive/2024/texmf-dist/tex/latex/ctex/config/ctex.cfg
File: ctex.cfg 2022/07/14 v2.5.10 Configuration file (CTEX)
)
(./cv-xinhe-chinese.aux)
\openout1 = `cv-xinhe-chinese.aux'.

LaTeX Font Info:    Checking defaults for OML/cmm/m/it on input line 9.
LaTeX Font Info:    ... okay on input line 9.
LaTeX Font Info:    Checking defaults for OMS/cmsy/m/n on input line 9.
LaTeX Font Info:    ... okay on input line 9.
LaTeX Font Info:    Checking defaults for OT1/cmr/m/n on input line 9.
LaTeX Font Info:    ... okay on input line 9.
LaTeX Font Info:    Checking defaults for T1/cmr/m/n on input line 9.
LaTeX Font Info:    ... okay on input line 9.
LaTeX Font Info:    Checking defaults for TS1/cmr/m/n on input line 9.
LaTeX Font Info:    ... okay on input line 9.
LaTeX Font Info:    Checking defaults for TU/lmr/m/n on input line 9.
LaTeX Font Info:    ... okay on input line 9.
LaTeX Font Info:    Checking defaults for OMX/cmex/m/n on input line 9.
LaTeX Font Info:    ... okay on input line 9.
LaTeX Font Info:    Checking defaults for U/cmr/m/n on input line 9.
LaTeX Font Info:    ... okay on input line 9.
LaTeX Font Info:    Checking defaults for PD1/pdf/m/n on input line 9.
LaTeX Font Info:    ... okay on input line 9.
LaTeX Font Info:    Checking defaults for PU/pdf/m/n on input line 9.
LaTeX Font Info:    ... okay on input line 9.

*geometry* driver: auto-detecting
*geometry* detected driver: xetex
*geometry* verbose mode - [ preamble ] result:
* driver: xetex
* paper: <default>
* layout: <same size as paper>
* layoutoffset:(h,v)=(0.0pt,0.0pt)
* modes: 
* h-part:(L,W,R)=(36.135pt, 542.02501pt, 36.135pt)
* v-part:(T,H,B)=(36.135pt, 722.7pt, 36.135pt)
* \paperwidth=614.295pt
* \paperheight=794.96999pt
* \textwidth=542.02501pt
* \textheight=722.7pt
* \oddsidemargin=-36.135pt
* \evensidemargin=-36.135pt
* \topmargin=-73.135pt
* \headheight=12.0pt
* \headsep=25.0pt
* \topskip=11.0pt
* \footskip=30.0pt
* \marginparwidth=59.0pt
* \marginparsep=10.0pt
* \columnsep=10.0pt
* \skip\footins=10.0pt plus 4.0pt minus 2.0pt
* \hoffset=0.0pt
* \voffset=0.0pt
* \mag=1000
* \@twocolumnfalse
* \@twosidefalse
* \@mparswitchfalse
* \@reversemarginfalse
* (1in=72.27pt=25.4mm, 1cm=28.453pt)

LaTeX Info: Redefining \microtypecontext on input line 9.
Package microtype Info: Applying patch `item' on input line 9.
Package microtype Info: Applying patch `toc' on input line 9.
Package microtype Info: Applying patch `eqnum' on input line 9.
Package microtype Info: Applying patch `footnote' on input line 9.
Package microtype Info: Applying patch `verbatim' on input line 9.
Package microtype Info: Character protrusion enabled (level 2).
Package microtype Info: Using default protrusion set `alltext'.
Package microtype Info: No adjustment of tracking.
Package microtype Info: No adjustment of spacing.
Package microtype Info: No adjustment of kerning.
Package microtype Info: Loading generic protrusion settings for font family
(microtype)             `XCharter' (encoding: TU).
(microtype)             For optimal results, create family-specific settings.
(microtype)             See the microtype manual for details.
Package hyperref Info: Link coloring OFF on input line 9.
(./cv-xinhe-chinese.out) (./cv-xinhe-chinese.out)
\@outlinefile=\write3
\openout3 = `cv-xinhe-chinese.out'.

LaTeX Font Info:    Font shape `TU/XCharter(0)/m/n' will be
(Font)              scaled to size 25.05376pt on input line 11.
Requested font "[XCharter-Roman.otf]/OT:script=latn;language=dflt;+tnum;+onum;+
cv01=0;mapping=tex-text;" at 25.05376pt
 -> /usr/local/texlive/2024/texmf-dist/fonts/opentype/public/xcharter/XCharter-
Roman.otf
Requested font "cmr10" at 10.53937pt
 -> /usr/local/texlive/2024/texmf-dist/fonts/tfm/public/cm/cmr10.tfm

(/usr/local/texlive/2024/texmf-dist/tex/latex/microtype/mt-cmr.cfg
File: mt-cmr.cfg 2013/05/19 v2.2 microtype config. file: Computer Modern Roman 
(RS)
)
Requested font "cmmi10" at 10.53937pt
 -> /usr/local/texlive/2024/texmf-dist/fonts/tfm/public/cm/cmmi10.tfm
Requested font "cmsy10" at 10.53937pt
 -> /usr/local/texlive/2024/texmf-dist/fonts/tfm/public/cm/cmsy10.tfm
LaTeX Font Info:    External font `cmex10' loaded for size
(Font)              <10.53937> on input line 14.
LaTeX Font Info:    External font `cmex10' loaded for size
(Font)              <7> on input line 14.
LaTeX Font Info:    External font `cmex10' loaded for size
(Font)              <5> on input line 14.
Requested font "[FontAwesome5Free-Regular-400.otf]:script=latn;" at 10.53937pt
 -> /usr/local/texlive/2024/texmf-dist/fonts/opentype/public/fontawesome5/FontA
wesome5Free-Regular-400.otf

(/usr/local/texlive/2024/texmf-dist/tex/latex/microtype/mt-TU-empty.cfg
File: mt-TU-empty.cfg 2021/06/22 v1.1 microtype config. file: fonts with nonsta
ndard glyph set (RS)
)
Requested font "[FandolSong-Regular.otf]/OT:language=dflt;mapping=tex-text;" at
 10.53937pt
 -> /usr/local/texlive/2024/texmf-dist/fonts/opentype/public/fandol/FandolSong-
Regular.otf
Requested font "[FontAwesome5Free-Solid-900.otf]:script=latn;" at 10.53937pt
 -> /usr/local/texlive/2024/texmf-dist/fonts/opentype/public/fontawesome5/FontA
wesome5Free-Solid-900.otf
Requested font "[FontAwesome5Brands-Regular-400.otf]:script=latn;" at 10.53937p
t
 -> /usr/local/texlive/2024/texmf-dist/fonts/opentype/public/fontawesome5/FontA
wesome5Brands-Regular-400.otf
LaTeX Font Info:    Font shape `TU/XCharter(0)/m/n' will be
(Font)              scaled to size 11.56328pt on input line 29.
Requested font "[XCharter-Roman.otf]/OT:script=latn;language=dflt;+tnum;+onum;+
cv01=0;mapping=tex-text;" at 11.56328pt
 -> /usr/local/texlive/2024/texmf-dist/fonts/opentype/public/xcharter/XCharter-
Roman.otf
LaTeX Font Info:    Font shape `TU/XCharter(0)/b/n' will be
(Font)              scaled to size 11.56328pt on input line 29.
Requested font "[XCharter-Bold.otf]/OT:script=latn;language=dflt;+tnum;+onum;+c
v01=0;mapping=tex-text;" at 11.56328pt
 -> /usr/local/texlive/2024/texmf-dist/fonts/opentype/public/xcharter/XCharter-
Bold.otf
Requested font "[FandolSong-Bold.otf]/OT:language=dflt;mapping=tex-text;" at 12
.045pt
 -> /usr/local/texlive/2024/texmf-dist/fonts/opentype/public/fandol/FandolSong-
Bold.otf
LaTeX Font Info:    Font shape `TU/XCharter(0)/b/n' will be
(Font)              scaled to size 10.11786pt on input line 38.
Requested font "[XCharter-Bold.otf]/OT:script=latn;language=dflt;+tnum;+onum;+c
v01=0;mapping=tex-text;" at 10.11786pt
 -> /usr/local/texlive/2024/texmf-dist/fonts/opentype/public/xcharter/XCharter-
Bold.otf
Requested font "[FandolSong-Bold.otf]/OT:language=dflt;mapping=tex-text;" at 10
.53937pt
 -> /usr/local/texlive/2024/texmf-dist/fonts/opentype/public/fandol/FandolSong-
Bold.otf
LaTeX Font Info:    Font shape `TU/XCharter(0)/m/it' will be
(Font)              scaled to size 10.11786pt on input line 38.
Requested font "[XCharter-Italic.otf]/OT:script=latn;language=dflt;+tnum;+onum;
+cv01=0;mapping=tex-text;" at 10.11786pt
 -> /usr/local/texlive/2024/texmf-dist/fonts/opentype/public/xcharter/XCharter-
Italic.otf
Requested font "[FandolKai-Regular.otf]/OT:language=dflt;mapping=tex-text;" at 
10.53937pt
 -> /usr/local/texlive/2024/texmf-dist/fonts/opentype/public/fandol/FandolKai-R
egular.otf

Overfull \hbox (8.88214pt too wide) in paragraph at lines 31--47
[][] 
 []


Overfull \hbox (8.88214pt too wide) in paragraph at lines 50--66
[][] 
 []


Overfull \hbox (8.88214pt too wide) in paragraph at lines 105--164
[][] 
 []

[1

]
Overfull \hbox (8.88214pt too wide) in paragraph at lines 203--240
[][] 
 []

[2]
Overfull \hbox (8.88214pt too wide) in paragraph at lines 242--255
[][] 
 []


Overfull \hbox (8.88214pt too wide) in paragraph at lines 257--287
[][] 
 []

[3]
Overfull \hbox (8.88214pt too wide) in paragraph at lines 290--339
[][] 
 []

LaTeX Font Info:    Font shape `TU/XCharter(0)/m/n' will be
(Font)              scaled to size 6.72005pt on input line 342.
Requested font "[XCharter-Roman.otf]/OT:script=latn;language=dflt;+tnum;+onum;+
cv01=0;mapping=tex-text;" at 6.72005pt
 -> /usr/local/texlive/2024/texmf-dist/fonts/opentype/public/xcharter/XCharter-
Roman.otf

Overfull \hbox (8.88214pt too wide) in paragraph at lines 341--346
[][] 
 []


Overfull \hbox (8.88214pt too wide) in paragraph at lines 349--413
[][] 
 []

[4]
Overfull \hbox (8.88214pt too wide) in paragraph at lines 416--468
[][] 
 []

[5] [6] (./cv-xinhe-chinese.aux)
 ***********
LaTeX2e <2023-11-01> patch level 1
L3 programming layer <2022/07/14>
 ***********
Package rerunfilecheck Info: File `cv-xinhe-chinese.out' has not changed.
(rerunfilecheck)             Checksum: 522D046D681F7C2B455AE9A54A0E9165;975.
 ) 
Here is how much of TeX's memory you used:
 19721 strings out of 474773
 411200 string characters out of 5757723
 1949839 words of memory out of 5000000
 41593 multiletter control sequences out of 15000+600000
 561259 words of font info for 76 fonts, out of 8000000 for 9000
 1348 hyphenation exceptions out of 8191
 90i,11n,131p,1013b,401s stack positions out of 10000i,1000n,20000p,200000b,200000s

Output written on cv-xinhe-chinese.pdf (6 pages).
